{"total": {"lines":{"total":288,"covered":225,"skipped":0,"pct":78.13},"statements":{"total":296,"covered":231,"skipped":0,"pct":78.04},"functions":{"total":75,"covered":70,"skipped":0,"pct":93.33},"branches":{"total":131,"covered":86,"skipped":0,"pct":65.65}}
,"/Users/dariaborisyak/dev/DataStructures/src/BinaryTree/Node.js": {"lines":{"total":3,"covered":3,"skipped":0,"pct":100},"functions":{"total":1,"covered":1,"skipped":0,"pct":100},"statements":{"total":3,"covered":3,"skipped":0,"pct":100},"branches":{"total":2,"covered":2,"skipped":0,"pct":100}}
,"/Users/dariaborisyak/dev/DataStructures/src/BinaryTree/index.js": {"lines":{"total":78,"covered":57,"skipped":0,"pct":73.08},"functions":{"total":17,"covered":14,"skipped":0,"pct":82.35},"statements":{"total":78,"covered":57,"skipped":0,"pct":73.08},"branches":{"total":44,"covered":30,"skipped":0,"pct":68.18}}
,"/Users/dariaborisyak/dev/DataStructures/src/BinaryTree/utils.js": {"lines":{"total":31,"covered":11,"skipped":0,"pct":35.48},"functions":{"total":2,"covered":1,"skipped":0,"pct":50},"statements":{"total":31,"covered":11,"skipped":0,"pct":35.48},"branches":{"total":22,"covered":8,"skipped":0,"pct":36.36}}
,"/Users/dariaborisyak/dev/DataStructures/src/HashTable/index.js": {"lines":{"total":24,"covered":14,"skipped":0,"pct":58.33},"functions":{"total":4,"covered":4,"skipped":0,"pct":100},"statements":{"total":27,"covered":15,"skipped":0,"pct":55.56},"branches":{"total":18,"covered":9,"skipped":0,"pct":50}}
,"/Users/dariaborisyak/dev/DataStructures/src/HashTable/utils.js": {"lines":{"total":5,"covered":5,"skipped":0,"pct":100},"functions":{"total":1,"covered":1,"skipped":0,"pct":100},"statements":{"total":6,"covered":6,"skipped":0,"pct":100},"branches":{"total":0,"covered":0,"skipped":0,"pct":100}}
,"/Users/dariaborisyak/dev/DataStructures/src/LinkedList/Node.js": {"lines":{"total":2,"covered":2,"skipped":0,"pct":100},"functions":{"total":1,"covered":1,"skipped":0,"pct":100},"statements":{"total":2,"covered":2,"skipped":0,"pct":100},"branches":{"total":0,"covered":0,"skipped":0,"pct":100}}
,"/Users/dariaborisyak/dev/DataStructures/src/LinkedList/index.js": {"lines":{"total":62,"covered":56,"skipped":0,"pct":90.32},"functions":{"total":9,"covered":9,"skipped":0,"pct":100},"statements":{"total":62,"covered":56,"skipped":0,"pct":90.32},"branches":{"total":16,"covered":14,"skipped":0,"pct":87.5}}
,"/Users/dariaborisyak/dev/DataStructures/src/Map/index.js": {"lines":{"total":16,"covered":15,"skipped":0,"pct":93.75},"functions":{"total":8,"covered":7,"skipped":0,"pct":87.5},"statements":{"total":16,"covered":15,"skipped":0,"pct":93.75},"branches":{"total":8,"covered":6,"skipped":0,"pct":75}}
,"/Users/dariaborisyak/dev/DataStructures/src/PriorityQueue/index.js": {"lines":{"total":16,"covered":12,"skipped":0,"pct":75},"functions":{"total":6,"covered":6,"skipped":0,"pct":100},"statements":{"total":17,"covered":13,"skipped":0,"pct":76.47},"branches":{"total":7,"covered":4,"skipped":0,"pct":57.14}}
,"/Users/dariaborisyak/dev/DataStructures/src/Queue/index.js": {"lines":{"total":6,"covered":6,"skipped":0,"pct":100},"functions":{"total":6,"covered":6,"skipped":0,"pct":100},"statements":{"total":6,"covered":6,"skipped":0,"pct":100},"branches":{"total":1,"covered":1,"skipped":0,"pct":100}}
,"/Users/dariaborisyak/dev/DataStructures/src/Set/index.js": {"lines":{"total":33,"covered":32,"skipped":0,"pct":96.97},"functions":{"total":15,"covered":15,"skipped":0,"pct":100},"statements":{"total":36,"covered":35,"skipped":0,"pct":97.22},"branches":{"total":9,"covered":8,"skipped":0,"pct":88.89}}
,"/Users/dariaborisyak/dev/DataStructures/src/Stack/index.js": {"lines":{"total":12,"covered":12,"skipped":0,"pct":100},"functions":{"total":5,"covered":5,"skipped":0,"pct":100},"statements":{"total":12,"covered":12,"skipped":0,"pct":100},"branches":{"total":4,"covered":4,"skipped":0,"pct":100}}
}
