{"/Users/dariaborisyak/dev/DataStructures/src/BinaryTree/Node.js": {"path":"/Users/dariaborisyak/dev/DataStructures/src/BinaryTree/Node.js","statementMap":{"0":{"start":{"line":3,"column":8},"end":{"line":3,"column":25}},"1":{"start":{"line":4,"column":8},"end":{"line":4,"column":25}},"2":{"start":{"line":5,"column":8},"end":{"line":5,"column":27}}},"fnMap":{"0":{"name":"(anonymous_0)","decl":{"start":{"line":2,"column":4},"end":{"line":2,"column":5}},"loc":{"start":{"line":2,"column":49},"end":{"line":6,"column":5}},"line":2}},"branchMap":{"0":{"loc":{"start":{"line":2,"column":22},"end":{"line":2,"column":33}},"type":"default-arg","locations":[{"start":{"line":2,"column":29},"end":{"line":2,"column":33}}],"line":2},"1":{"loc":{"start":{"line":2,"column":35},"end":{"line":2,"column":47}},"type":"default-arg","locations":[{"start":{"line":2,"column":43},"end":{"line":2,"column":47}}],"line":2}},"s":{"0":3,"1":3,"2":3},"f":{"0":3},"b":{"0":[3],"1":[3]},"_coverageSchema":"43e27e138ebf9cfc5966b082cf9a028302ed4184","hash":"5ec91cd9113e9485307dfd70d360a508c9cf51a6"}
,"/Users/dariaborisyak/dev/DataStructures/src/BinaryTree/index.js": {"path":"/Users/dariaborisyak/dev/DataStructures/src/BinaryTree/index.js","statementMap":{"0":{"start":{"line":6,"column":8},"end":{"line":6,"column":25}},"1":{"start":{"line":10,"column":21},"end":{"line":10,"column":30}},"2":{"start":{"line":12,"column":8},"end":{"line":16,"column":9}},"3":{"start":{"line":13,"column":12},"end":{"line":13,"column":39}},"4":{"start":{"line":15,"column":12},"end":{"line":15,"column":42}},"5":{"start":{"line":20,"column":22},"end":{"line":20,"column":31}},"6":{"start":{"line":21,"column":8},"end":{"line":23,"column":9}},"7":{"start":{"line":22,"column":12},"end":{"line":22,"column":35}},"8":{"start":{"line":24,"column":8},"end":{"line":24,"column":28}},"9":{"start":{"line":28,"column":22},"end":{"line":28,"column":31}},"10":{"start":{"line":29,"column":8},"end":{"line":31,"column":9}},"11":{"start":{"line":30,"column":12},"end":{"line":30,"column":36}},"12":{"start":{"line":32,"column":8},"end":{"line":32,"column":28}},"13":{"start":{"line":36,"column":22},"end":{"line":36,"column":31}},"14":{"start":{"line":37,"column":8},"end":{"line":46,"column":9}},"15":{"start":{"line":38,"column":12},"end":{"line":42,"column":13}},"16":{"start":{"line":39,"column":16},"end":{"line":39,"column":39}},"17":{"start":{"line":41,"column":16},"end":{"line":41,"column":40}},"18":{"start":{"line":43,"column":12},"end":{"line":45,"column":13}},"19":{"start":{"line":44,"column":16},"end":{"line":44,"column":28}},"20":{"start":{"line":47,"column":8},"end":{"line":47,"column":23}},"21":{"start":{"line":51,"column":22},"end":{"line":51,"column":31}},"22":{"start":{"line":52,"column":8},"end":{"line":61,"column":9}},"23":{"start":{"line":53,"column":12},"end":{"line":55,"column":13}},"24":{"start":{"line":54,"column":16},"end":{"line":54,"column":28}},"25":{"start":{"line":56,"column":12},"end":{"line":60,"column":13}},"26":{"start":{"line":57,"column":16},"end":{"line":57,"column":39}},"27":{"start":{"line":59,"column":16},"end":{"line":59,"column":40}},"28":{"start":{"line":62,"column":8},"end":{"line":62,"column":21}},"29":{"start":{"line":66,"column":8},"end":{"line":66,"column":48}},"30":{"start":{"line":70,"column":8},"end":{"line":70,"column":65}},"31":{"start":{"line":74,"column":8},"end":{"line":76,"column":9}},"32":{"start":{"line":75,"column":12},"end":{"line":75,"column":22}},"33":{"start":{"line":78,"column":19},"end":{"line":78,"column":48}},"34":{"start":{"line":79,"column":20},"end":{"line":79,"column":50}},"35":{"start":{"line":81,"column":8},"end":{"line":81,"column":53}},"36":{"start":{"line":85,"column":8},"end":{"line":87,"column":9}},"37":{"start":{"line":86,"column":12},"end":{"line":86,"column":22}},"38":{"start":{"line":89,"column":19},"end":{"line":89,"column":48}},"39":{"start":{"line":90,"column":20},"end":{"line":90,"column":50}},"40":{"start":{"line":92,"column":8},"end":{"line":92,"column":53}},"41":{"start":{"line":96,"column":8},"end":{"line":110,"column":9}},"42":{"start":{"line":97,"column":12},"end":{"line":97,"column":24}},"43":{"start":{"line":99,"column":27},"end":{"line":99,"column":29}},"44":{"start":{"line":102,"column":16},"end":{"line":102,"column":56}},"45":{"start":{"line":103,"column":16},"end":{"line":103,"column":39}},"46":{"start":{"line":104,"column":16},"end":{"line":104,"column":58}},"47":{"start":{"line":107,"column":12},"end":{"line":107,"column":39}},"48":{"start":{"line":109,"column":12},"end":{"line":109,"column":26}},"49":{"start":{"line":114,"column":8},"end":{"line":128,"column":9}},"50":{"start":{"line":115,"column":12},"end":{"line":115,"column":24}},"51":{"start":{"line":117,"column":27},"end":{"line":117,"column":29}},"52":{"start":{"line":120,"column":16},"end":{"line":120,"column":39}},"53":{"start":{"line":121,"column":16},"end":{"line":121,"column":57}},"54":{"start":{"line":122,"column":16},"end":{"line":122,"column":59}},"55":{"start":{"line":125,"column":12},"end":{"line":125,"column":40}},"56":{"start":{"line":127,"column":12},"end":{"line":127,"column":26}},"57":{"start":{"line":132,"column":8},"end":{"line":146,"column":9}},"58":{"start":{"line":133,"column":12},"end":{"line":133,"column":24}},"59":{"start":{"line":135,"column":27},"end":{"line":135,"column":29}},"60":{"start":{"line":138,"column":16},"end":{"line":138,"column":58}},"61":{"start":{"line":139,"column":16},"end":{"line":139,"column":60}},"62":{"start":{"line":140,"column":16},"end":{"line":140,"column":39}},"63":{"start":{"line":143,"column":12},"end":{"line":143,"column":41}},"64":{"start":{"line":145,"column":12},"end":{"line":145,"column":26}},"65":{"start":{"line":150,"column":21},"end":{"line":150,"column":23}},"66":{"start":{"line":151,"column":16},"end":{"line":151,"column":18}},"67":{"start":{"line":152,"column":8},"end":{"line":166,"column":9}},"68":{"start":{"line":153,"column":12},"end":{"line":153,"column":30}},"69":{"start":{"line":154,"column":12},"end":{"line":163,"column":13}},"70":{"start":{"line":155,"column":27},"end":{"line":155,"column":36}},"71":{"start":{"line":156,"column":16},"end":{"line":156,"column":39}},"72":{"start":{"line":157,"column":16},"end":{"line":159,"column":17}},"73":{"start":{"line":158,"column":20},"end":{"line":158,"column":38}},"74":{"start":{"line":160,"column":16},"end":{"line":162,"column":17}},"75":{"start":{"line":161,"column":20},"end":{"line":161,"column":39}},"76":{"start":{"line":165,"column":12},"end":{"line":165,"column":26}},"77":{"start":{"line":168,"column":8},"end":{"line":168,"column":20}}},"fnMap":{"0":{"name":"(anonymous_0)","decl":{"start":{"line":5,"column":4},"end":{"line":5,"column":5}},"loc":{"start":{"line":5,"column":18},"end":{"line":7,"column":5}},"line":5},"1":{"name":"(anonymous_1)","decl":{"start":{"line":9,"column":4},"end":{"line":9,"column":5}},"loc":{"start":{"line":9,"column":14},"end":{"line":17,"column":5}},"line":9},"2":{"name":"(anonymous_2)","decl":{"start":{"line":19,"column":4},"end":{"line":19,"column":5}},"loc":{"start":{"line":19,"column":14},"end":{"line":25,"column":5}},"line":19},"3":{"name":"(anonymous_3)","decl":{"start":{"line":27,"column":4},"end":{"line":27,"column":5}},"loc":{"start":{"line":27,"column":14},"end":{"line":33,"column":5}},"line":27},"4":{"name":"(anonymous_4)","decl":{"start":{"line":35,"column":4},"end":{"line":35,"column":5}},"loc":{"start":{"line":35,"column":15},"end":{"line":48,"column":5}},"line":35},"5":{"name":"(anonymous_5)","decl":{"start":{"line":50,"column":4},"end":{"line":50,"column":5}},"loc":{"start":{"line":50,"column":20},"end":{"line":63,"column":5}},"line":50},"6":{"name":"(anonymous_6)","decl":{"start":{"line":65,"column":4},"end":{"line":65,"column":5}},"loc":{"start":{"line":65,"column":17},"end":{"line":67,"column":5}},"line":65},"7":{"name":"(anonymous_7)","decl":{"start":{"line":69,"column":4},"end":{"line":69,"column":5}},"loc":{"start":{"line":69,"column":17},"end":{"line":71,"column":5}},"line":69},"8":{"name":"(anonymous_8)","decl":{"start":{"line":73,"column":4},"end":{"line":73,"column":5}},"loc":{"start":{"line":73,"column":36},"end":{"line":82,"column":5}},"line":73},"9":{"name":"(anonymous_9)","decl":{"start":{"line":84,"column":4},"end":{"line":84,"column":5}},"loc":{"start":{"line":84,"column":36},"end":{"line":93,"column":5}},"line":84},"10":{"name":"(anonymous_10)","decl":{"start":{"line":95,"column":4},"end":{"line":95,"column":5}},"loc":{"start":{"line":95,"column":14},"end":{"line":111,"column":5}},"line":95},"11":{"name":"traverseInOrder","decl":{"start":{"line":101,"column":21},"end":{"line":101,"column":36}},"loc":{"start":{"line":101,"column":43},"end":{"line":105,"column":13}},"line":101},"12":{"name":"(anonymous_12)","decl":{"start":{"line":113,"column":4},"end":{"line":113,"column":5}},"loc":{"start":{"line":113,"column":15},"end":{"line":129,"column":5}},"line":113},"13":{"name":"traversePreOrder","decl":{"start":{"line":119,"column":21},"end":{"line":119,"column":37}},"loc":{"start":{"line":119,"column":44},"end":{"line":123,"column":13}},"line":119},"14":{"name":"(anonymous_14)","decl":{"start":{"line":131,"column":4},"end":{"line":131,"column":5}},"loc":{"start":{"line":131,"column":16},"end":{"line":147,"column":5}},"line":131},"15":{"name":"traversePostOrder","decl":{"start":{"line":137,"column":21},"end":{"line":137,"column":38}},"loc":{"start":{"line":137,"column":45},"end":{"line":141,"column":13}},"line":137},"16":{"name":"(anonymous_16)","decl":{"start":{"line":149,"column":4},"end":{"line":149,"column":5}},"loc":{"start":{"line":149,"column":17},"end":{"line":169,"column":5}},"line":149}},"branchMap":{"0":{"loc":{"start":{"line":12,"column":8},"end":{"line":16,"column":9}},"type":"if","locations":[{"start":{"line":12,"column":8},"end":{"line":16,"column":9}},{"start":{"line":12,"column":8},"end":{"line":16,"column":9}}],"line":12},"1":{"loc":{"start":{"line":38,"column":12},"end":{"line":42,"column":13}},"type":"if","locations":[{"start":{"line":38,"column":12},"end":{"line":42,"column":13}},{"start":{"line":38,"column":12},"end":{"line":42,"column":13}}],"line":38},"2":{"loc":{"start":{"line":43,"column":12},"end":{"line":45,"column":13}},"type":"if","locations":[{"start":{"line":43,"column":12},"end":{"line":45,"column":13}},{"start":{"line":43,"column":12},"end":{"line":45,"column":13}}],"line":43},"3":{"loc":{"start":{"line":53,"column":12},"end":{"line":55,"column":13}},"type":"if","locations":[{"start":{"line":53,"column":12},"end":{"line":55,"column":13}},{"start":{"line":53,"column":12},"end":{"line":55,"column":13}}],"line":53},"4":{"loc":{"start":{"line":56,"column":12},"end":{"line":60,"column":13}},"type":"if","locations":[{"start":{"line":56,"column":12},"end":{"line":60,"column":13}},{"start":{"line":56,"column":12},"end":{"line":60,"column":13}}],"line":56},"5":{"loc":{"start":{"line":73,"column":18},"end":{"line":73,"column":34}},"type":"default-arg","locations":[{"start":{"line":73,"column":25},"end":{"line":73,"column":34}}],"line":73},"6":{"loc":{"start":{"line":74,"column":8},"end":{"line":76,"column":9}},"type":"if","locations":[{"start":{"line":74,"column":8},"end":{"line":76,"column":9}},{"start":{"line":74,"column":8},"end":{"line":76,"column":9}}],"line":74},"7":{"loc":{"start":{"line":81,"column":15},"end":{"line":81,"column":52}},"type":"cond-expr","locations":[{"start":{"line":81,"column":32},"end":{"line":81,"column":40}},{"start":{"line":81,"column":43},"end":{"line":81,"column":52}}],"line":81},"8":{"loc":{"start":{"line":84,"column":18},"end":{"line":84,"column":34}},"type":"default-arg","locations":[{"start":{"line":84,"column":25},"end":{"line":84,"column":34}}],"line":84},"9":{"loc":{"start":{"line":85,"column":8},"end":{"line":87,"column":9}},"type":"if","locations":[{"start":{"line":85,"column":8},"end":{"line":87,"column":9}},{"start":{"line":85,"column":8},"end":{"line":87,"column":9}}],"line":85},"10":{"loc":{"start":{"line":92,"column":15},"end":{"line":92,"column":52}},"type":"cond-expr","locations":[{"start":{"line":92,"column":32},"end":{"line":92,"column":40}},{"start":{"line":92,"column":43},"end":{"line":92,"column":52}}],"line":92},"11":{"loc":{"start":{"line":96,"column":8},"end":{"line":110,"column":9}},"type":"if","locations":[{"start":{"line":96,"column":8},"end":{"line":110,"column":9}},{"start":{"line":96,"column":8},"end":{"line":110,"column":9}}],"line":96},"12":{"loc":{"start":{"line":102,"column":16},"end":{"line":102,"column":55}},"type":"binary-expr","locations":[{"start":{"line":102,"column":16},"end":{"line":102,"column":25}},{"start":{"line":102,"column":29},"end":{"line":102,"column":55}}],"line":102},"13":{"loc":{"start":{"line":104,"column":16},"end":{"line":104,"column":57}},"type":"binary-expr","locations":[{"start":{"line":104,"column":16},"end":{"line":104,"column":26}},{"start":{"line":104,"column":30},"end":{"line":104,"column":57}}],"line":104},"14":{"loc":{"start":{"line":114,"column":8},"end":{"line":128,"column":9}},"type":"if","locations":[{"start":{"line":114,"column":8},"end":{"line":128,"column":9}},{"start":{"line":114,"column":8},"end":{"line":128,"column":9}}],"line":114},"15":{"loc":{"start":{"line":121,"column":16},"end":{"line":121,"column":56}},"type":"binary-expr","locations":[{"start":{"line":121,"column":16},"end":{"line":121,"column":25}},{"start":{"line":121,"column":29},"end":{"line":121,"column":56}}],"line":121},"16":{"loc":{"start":{"line":122,"column":16},"end":{"line":122,"column":58}},"type":"binary-expr","locations":[{"start":{"line":122,"column":16},"end":{"line":122,"column":26}},{"start":{"line":122,"column":30},"end":{"line":122,"column":58}}],"line":122},"17":{"loc":{"start":{"line":132,"column":8},"end":{"line":146,"column":9}},"type":"if","locations":[{"start":{"line":132,"column":8},"end":{"line":146,"column":9}},{"start":{"line":132,"column":8},"end":{"line":146,"column":9}}],"line":132},"18":{"loc":{"start":{"line":138,"column":16},"end":{"line":138,"column":57}},"type":"binary-expr","locations":[{"start":{"line":138,"column":16},"end":{"line":138,"column":25}},{"start":{"line":138,"column":29},"end":{"line":138,"column":57}}],"line":138},"19":{"loc":{"start":{"line":139,"column":16},"end":{"line":139,"column":59}},"type":"binary-expr","locations":[{"start":{"line":139,"column":16},"end":{"line":139,"column":26}},{"start":{"line":139,"column":30},"end":{"line":139,"column":59}}],"line":139},"20":{"loc":{"start":{"line":152,"column":8},"end":{"line":166,"column":9}},"type":"if","locations":[{"start":{"line":152,"column":8},"end":{"line":166,"column":9}},{"start":{"line":152,"column":8},"end":{"line":166,"column":9}}],"line":152},"21":{"loc":{"start":{"line":157,"column":16},"end":{"line":159,"column":17}},"type":"if","locations":[{"start":{"line":157,"column":16},"end":{"line":159,"column":17}},{"start":{"line":157,"column":16},"end":{"line":159,"column":17}}],"line":157},"22":{"loc":{"start":{"line":160,"column":16},"end":{"line":162,"column":17}},"type":"if","locations":[{"start":{"line":160,"column":16},"end":{"line":162,"column":17}},{"start":{"line":160,"column":16},"end":{"line":162,"column":17}}],"line":160}},"s":{"0":1,"1":9,"2":9,"3":1,"4":8,"5":1,"6":1,"7":1,"8":1,"9":1,"10":1,"11":1,"12":1,"13":0,"14":0,"15":0,"16":0,"17":0,"18":0,"19":0,"20":0,"21":0,"22":0,"23":0,"24":0,"25":0,"26":0,"27":0,"28":0,"29":0,"30":1,"31":14,"32":8,"33":6,"34":6,"35":6,"36":14,"37":8,"38":6,"39":6,"40":6,"41":1,"42":0,"43":1,"44":3,"45":3,"46":3,"47":1,"48":1,"49":1,"50":0,"51":1,"52":3,"53":3,"54":3,"55":1,"56":1,"57":1,"58":0,"59":1,"60":3,"61":3,"62":3,"63":1,"64":1,"65":1,"66":1,"67":1,"68":1,"69":1,"70":3,"71":3,"72":3,"73":1,"74":3,"75":1,"76":1,"77":0},"f":{"0":1,"1":9,"2":1,"3":1,"4":0,"5":0,"6":0,"7":1,"8":14,"9":14,"10":1,"11":3,"12":1,"13":3,"14":1,"15":3,"16":1},"b":{"0":[1,8],"1":[0,0],"2":[0,0],"3":[0,0],"4":[0,0],"5":[2],"6":[8,6],"7":[0,6],"8":[2],"9":[8,6],"10":[0,6],"11":[0,1],"12":[3,1],"13":[3,1],"14":[0,1],"15":[3,1],"16":[3,1],"17":[0,1],"18":[3,1],"19":[3,1],"20":[1,0],"21":[1,2],"22":[1,2]},"_coverageSchema":"43e27e138ebf9cfc5966b082cf9a028302ed4184","hash":"5881f68068fbebd632bbfe0443f8dd234fdec82d"}
,"/Users/dariaborisyak/dev/DataStructures/src/BinaryTree/utils.js": {"path":"/Users/dariaborisyak/dev/DataStructures/src/BinaryTree/utils.js","statementMap":{"0":{"start":{"line":3,"column":26},"end":{"line":19,"column":1}},"1":{"start":{"line":4,"column":4},"end":{"line":18,"column":5}},"2":{"start":{"line":5,"column":8},"end":{"line":9,"column":9}},"3":{"start":{"line":6,"column":12},"end":{"line":6,"column":39}},"4":{"start":{"line":8,"column":12},"end":{"line":8,"column":41}},"5":{"start":{"line":10,"column":11},"end":{"line":18,"column":5}},"6":{"start":{"line":11,"column":8},"end":{"line":15,"column":9}},"7":{"start":{"line":12,"column":12},"end":{"line":12,"column":40}},"8":{"start":{"line":14,"column":12},"end":{"line":14,"column":42}},"9":{"start":{"line":17,"column":8},"end":{"line":17,"column":20}},"10":{"start":{"line":21,"column":26},"end":{"line":58,"column":1}},"11":{"start":{"line":22,"column":4},"end":{"line":24,"column":5}},"12":{"start":{"line":23,"column":8},"end":{"line":23,"column":20}},"13":{"start":{"line":26,"column":4},"end":{"line":57,"column":5}},"14":{"start":{"line":27,"column":8},"end":{"line":29,"column":9}},"15":{"start":{"line":28,"column":12},"end":{"line":28,"column":24}},"16":{"start":{"line":31,"column":8},"end":{"line":33,"column":9}},"17":{"start":{"line":32,"column":12},"end":{"line":32,"column":30}},"18":{"start":{"line":35,"column":8},"end":{"line":37,"column":9}},"19":{"start":{"line":36,"column":12},"end":{"line":36,"column":29}},"20":{"start":{"line":39,"column":23},"end":{"line":39,"column":33}},"21":{"start":{"line":41,"column":8},"end":{"line":43,"column":9}},"22":{"start":{"line":42,"column":12},"end":{"line":42,"column":37}},"23":{"start":{"line":45,"column":8},"end":{"line":45,"column":34}},"24":{"start":{"line":46,"column":8},"end":{"line":46,"column":59}},"25":{"start":{"line":48,"column":8},"end":{"line":48,"column":20}},"26":{"start":{"line":49,"column":11},"end":{"line":57,"column":5}},"27":{"start":{"line":50,"column":8},"end":{"line":50,"column":48}},"28":{"start":{"line":52,"column":8},"end":{"line":52,"column":20}},"29":{"start":{"line":54,"column":8},"end":{"line":54,"column":50}},"30":{"start":{"line":56,"column":8},"end":{"line":56,"column":20}}},"fnMap":{"0":{"name":"(anonymous_0)","decl":{"start":{"line":3,"column":26},"end":{"line":3,"column":27}},"loc":{"start":{"line":3,"column":42},"end":{"line":19,"column":1}},"line":3},"1":{"name":"(anonymous_1)","decl":{"start":{"line":21,"column":26},"end":{"line":21,"column":27}},"loc":{"start":{"line":21,"column":42},"end":{"line":58,"column":1}},"line":21}},"branchMap":{"0":{"loc":{"start":{"line":4,"column":4},"end":{"line":18,"column":5}},"type":"if","locations":[{"start":{"line":4,"column":4},"end":{"line":18,"column":5}},{"start":{"line":4,"column":4},"end":{"line":18,"column":5}}],"line":4},"1":{"loc":{"start":{"line":5,"column":8},"end":{"line":9,"column":9}},"type":"if","locations":[{"start":{"line":5,"column":8},"end":{"line":9,"column":9}},{"start":{"line":5,"column":8},"end":{"line":9,"column":9}}],"line":5},"2":{"loc":{"start":{"line":10,"column":11},"end":{"line":18,"column":5}},"type":"if","locations":[{"start":{"line":10,"column":11},"end":{"line":18,"column":5}},{"start":{"line":10,"column":11},"end":{"line":18,"column":5}}],"line":10},"3":{"loc":{"start":{"line":11,"column":8},"end":{"line":15,"column":9}},"type":"if","locations":[{"start":{"line":11,"column":8},"end":{"line":15,"column":9}},{"start":{"line":11,"column":8},"end":{"line":15,"column":9}}],"line":11},"4":{"loc":{"start":{"line":22,"column":4},"end":{"line":24,"column":5}},"type":"if","locations":[{"start":{"line":22,"column":4},"end":{"line":24,"column":5}},{"start":{"line":22,"column":4},"end":{"line":24,"column":5}}],"line":22},"5":{"loc":{"start":{"line":26,"column":4},"end":{"line":57,"column":5}},"type":"if","locations":[{"start":{"line":26,"column":4},"end":{"line":57,"column":5}},{"start":{"line":26,"column":4},"end":{"line":57,"column":5}}],"line":26},"6":{"loc":{"start":{"line":27,"column":8},"end":{"line":29,"column":9}},"type":"if","locations":[{"start":{"line":27,"column":8},"end":{"line":29,"column":9}},{"start":{"line":27,"column":8},"end":{"line":29,"column":9}}],"line":27},"7":{"loc":{"start":{"line":27,"column":12},"end":{"line":27,"column":51}},"type":"binary-expr","locations":[{"start":{"line":27,"column":12},"end":{"line":27,"column":29}},{"start":{"line":27,"column":33},"end":{"line":27,"column":51}}],"line":27},"8":{"loc":{"start":{"line":31,"column":8},"end":{"line":33,"column":9}},"type":"if","locations":[{"start":{"line":31,"column":8},"end":{"line":33,"column":9}},{"start":{"line":31,"column":8},"end":{"line":33,"column":9}}],"line":31},"9":{"loc":{"start":{"line":35,"column":8},"end":{"line":37,"column":9}},"type":"if","locations":[{"start":{"line":35,"column":8},"end":{"line":37,"column":9}},{"start":{"line":35,"column":8},"end":{"line":37,"column":9}}],"line":35},"10":{"loc":{"start":{"line":49,"column":11},"end":{"line":57,"column":5}},"type":"if","locations":[{"start":{"line":49,"column":11},"end":{"line":57,"column":5}},{"start":{"line":49,"column":11},"end":{"line":57,"column":5}}],"line":49}},"s":{"0":1,"1":14,"2":5,"3":1,"4":4,"5":9,"6":3,"7":1,"8":2,"9":6,"10":1,"11":0,"12":0,"13":0,"14":0,"15":0,"16":0,"17":0,"18":0,"19":0,"20":0,"21":0,"22":0,"23":0,"24":0,"25":0,"26":0,"27":0,"28":0,"29":0,"30":0},"f":{"0":14,"1":0},"b":{"0":[5,9],"1":[1,4],"2":[3,6],"3":[1,2],"4":[0,0],"5":[0,0],"6":[0,0],"7":[0,0],"8":[0,0],"9":[0,0],"10":[0,0]},"_coverageSchema":"43e27e138ebf9cfc5966b082cf9a028302ed4184","hash":"cfa4522ec1f5fd8362ba4321a85a9db67bde9b24"}
,"/Users/dariaborisyak/dev/DataStructures/src/HashTable/index.js": {"path":"/Users/dariaborisyak/dev/DataStructures/src/HashTable/index.js","statementMap":{"0":{"start":{"line":5,"column":8},"end":{"line":5,"column":31}},"1":{"start":{"line":6,"column":8},"end":{"line":6,"column":41}},"2":{"start":{"line":10,"column":22},"end":{"line":10,"column":50}},"3":{"start":{"line":12,"column":8},"end":{"line":27,"column":9}},"4":{"start":{"line":13,"column":12},"end":{"line":15,"column":14}},"5":{"start":{"line":17,"column":27},"end":{"line":17,"column":32}},"6":{"start":{"line":18,"column":12},"end":{"line":23,"column":13}},"7":{"start":{"line":18,"column":25},"end":{"line":18,"column":26}},"8":{"start":{"line":19,"column":16},"end":{"line":22,"column":17}},"9":{"start":{"line":20,"column":20},"end":{"line":20,"column":54}},"10":{"start":{"line":21,"column":20},"end":{"line":21,"column":36}},"11":{"start":{"line":24,"column":12},"end":{"line":26,"column":13}},"12":{"start":{"line":25,"column":16},"end":{"line":25,"column":55}},"13":{"start":{"line":31,"column":22},"end":{"line":31,"column":50}},"14":{"start":{"line":33,"column":8},"end":{"line":41,"column":9}},"15":{"start":{"line":34,"column":12},"end":{"line":34,"column":39}},"16":{"start":{"line":36,"column":12},"end":{"line":40,"column":13}},"17":{"start":{"line":36,"column":25},"end":{"line":36,"column":26}},"18":{"start":{"line":37,"column":16},"end":{"line":39,"column":17}},"19":{"start":{"line":38,"column":20},"end":{"line":38,"column":50}},"20":{"start":{"line":45,"column":22},"end":{"line":45,"column":50}},"21":{"start":{"line":47,"column":8},"end":{"line":55,"column":9}},"22":{"start":{"line":48,"column":12},"end":{"line":48,"column":19}},"23":{"start":{"line":50,"column":12},"end":{"line":54,"column":13}},"24":{"start":{"line":50,"column":25},"end":{"line":50,"column":26}},"25":{"start":{"line":51,"column":16},"end":{"line":53,"column":17}},"26":{"start":{"line":52,"column":20},"end":{"line":52,"column":53}}},"fnMap":{"0":{"name":"(anonymous_0)","decl":{"start":{"line":4,"column":4},"end":{"line":4,"column":5}},"loc":{"start":{"line":4,"column":49},"end":{"line":7,"column":5}},"line":4},"1":{"name":"(anonymous_1)","decl":{"start":{"line":9,"column":4},"end":{"line":9,"column":5}},"loc":{"start":{"line":9,"column":20},"end":{"line":28,"column":5}},"line":9},"2":{"name":"(anonymous_2)","decl":{"start":{"line":30,"column":4},"end":{"line":30,"column":5}},"loc":{"start":{"line":30,"column":16},"end":{"line":42,"column":5}},"line":30},"3":{"name":"(anonymous_3)","decl":{"start":{"line":44,"column":4},"end":{"line":44,"column":5}},"loc":{"start":{"line":44,"column":16},"end":{"line":56,"column":5}},"line":44}},"branchMap":{"0":{"loc":{"start":{"line":4,"column":16},"end":{"line":4,"column":28}},"type":"default-arg","locations":[{"start":{"line":4,"column":26},"end":{"line":4,"column":28}}],"line":4},"1":{"loc":{"start":{"line":4,"column":30},"end":{"line":4,"column":47}},"type":"default-arg","locations":[{"start":{"line":4,"column":45},"end":{"line":4,"column":47}}],"line":4},"2":{"loc":{"start":{"line":12,"column":8},"end":{"line":27,"column":9}},"type":"if","locations":[{"start":{"line":12,"column":8},"end":{"line":27,"column":9}},{"start":{"line":12,"column":8},"end":{"line":27,"column":9}}],"line":12},"3":{"loc":{"start":{"line":19,"column":16},"end":{"line":22,"column":17}},"type":"if","locations":[{"start":{"line":19,"column":16},"end":{"line":22,"column":17}},{"start":{"line":19,"column":16},"end":{"line":22,"column":17}}],"line":19},"4":{"loc":{"start":{"line":24,"column":12},"end":{"line":26,"column":13}},"type":"if","locations":[{"start":{"line":24,"column":12},"end":{"line":26,"column":13}},{"start":{"line":24,"column":12},"end":{"line":26,"column":13}}],"line":24},"5":{"loc":{"start":{"line":33,"column":8},"end":{"line":41,"column":9}},"type":"if","locations":[{"start":{"line":33,"column":8},"end":{"line":41,"column":9}},{"start":{"line":33,"column":8},"end":{"line":41,"column":9}}],"line":33},"6":{"loc":{"start":{"line":33,"column":12},"end":{"line":33,"column":81}},"type":"binary-expr","locations":[{"start":{"line":33,"column":12},"end":{"line":33,"column":44}},{"start":{"line":33,"column":48},"end":{"line":33,"column":81}}],"line":33},"7":{"loc":{"start":{"line":37,"column":16},"end":{"line":39,"column":17}},"type":"if","locations":[{"start":{"line":37,"column":16},"end":{"line":39,"column":17}},{"start":{"line":37,"column":16},"end":{"line":39,"column":17}}],"line":37},"8":{"loc":{"start":{"line":47,"column":8},"end":{"line":55,"column":9}},"type":"if","locations":[{"start":{"line":47,"column":8},"end":{"line":55,"column":9}},{"start":{"line":47,"column":8},"end":{"line":55,"column":9}}],"line":47},"9":{"loc":{"start":{"line":51,"column":16},"end":{"line":53,"column":17}},"type":"if","locations":[{"start":{"line":51,"column":16},"end":{"line":53,"column":17}},{"start":{"line":51,"column":16},"end":{"line":53,"column":17}}],"line":51}},"s":{"0":2,"1":2,"2":4,"3":4,"4":4,"5":0,"6":0,"7":0,"8":0,"9":0,"10":0,"11":0,"12":0,"13":1,"14":1,"15":1,"16":0,"17":0,"18":0,"19":0,"20":4,"21":4,"22":1,"23":3,"24":3,"25":3,"26":3},"f":{"0":2,"1":4,"2":1,"3":4},"b":{"0":[2],"1":[2],"2":[4,0],"3":[0,0],"4":[0,0],"5":[1,0],"6":[1,1],"7":[0,0],"8":[1,3],"9":[3,0]},"_coverageSchema":"43e27e138ebf9cfc5966b082cf9a028302ed4184","hash":"3071c8f89031087f780bb4f513473b6b1ab5982f"}
,"/Users/dariaborisyak/dev/DataStructures/src/HashTable/utils.js": {"path":"/Users/dariaborisyak/dev/DataStructures/src/HashTable/utils.js","statementMap":{"0":{"start":{"line":1,"column":20},"end":{"line":8,"column":1}},"1":{"start":{"line":2,"column":15},"end":{"line":2,"column":16}},"2":{"start":{"line":3,"column":4},"end":{"line":5,"column":5}},"3":{"start":{"line":3,"column":17},"end":{"line":3,"column":18}},"4":{"start":{"line":4,"column":8},"end":{"line":4,"column":37}},"5":{"start":{"line":7,"column":4},"end":{"line":7,"column":22}}},"fnMap":{"0":{"name":"(anonymous_0)","decl":{"start":{"line":1,"column":20},"end":{"line":1,"column":21}},"loc":{"start":{"line":1,"column":37},"end":{"line":8,"column":1}},"line":1}},"branchMap":{},"s":{"0":1,"1":9,"2":9,"3":9,"4":9,"5":9},"f":{"0":9},"b":{},"_coverageSchema":"43e27e138ebf9cfc5966b082cf9a028302ed4184","hash":"d1178b1657828ce584b9a60f462ccf7502139961"}
,"/Users/dariaborisyak/dev/DataStructures/src/LinkedList/Node.js": {"path":"/Users/dariaborisyak/dev/DataStructures/src/LinkedList/Node.js","statementMap":{"0":{"start":{"line":3,"column":8},"end":{"line":3,"column":31}},"1":{"start":{"line":4,"column":8},"end":{"line":4,"column":25}}},"fnMap":{"0":{"name":"(anonymous_0)","decl":{"start":{"line":2,"column":4},"end":{"line":2,"column":5}},"loc":{"start":{"line":2,"column":25},"end":{"line":5,"column":5}},"line":2}},"branchMap":{},"s":{"0":24,"1":24},"f":{"0":24},"b":{},"_coverageSchema":"43e27e138ebf9cfc5966b082cf9a028302ed4184","hash":"3541954ee5b38f009b8a6d8e5c0ef24799baf9d4"}
,"/Users/dariaborisyak/dev/DataStructures/src/LinkedList/index.js": {"path":"/Users/dariaborisyak/dev/DataStructures/src/LinkedList/index.js","statementMap":{"0":{"start":{"line":5,"column":8},"end":{"line":5,"column":24}},"1":{"start":{"line":6,"column":8},"end":{"line":6,"column":25}},"2":{"start":{"line":10,"column":8},"end":{"line":10,"column":27}},"3":{"start":{"line":14,"column":21},"end":{"line":14,"column":38}},"4":{"start":{"line":15,"column":8},"end":{"line":25,"column":9}},"5":{"start":{"line":16,"column":12},"end":{"line":16,"column":29}},"6":{"start":{"line":18,"column":30},"end":{"line":18,"column":39}},"7":{"start":{"line":20,"column":12},"end":{"line":22,"column":13}},"8":{"start":{"line":21,"column":16},"end":{"line":21,"column":48}},"9":{"start":{"line":24,"column":12},"end":{"line":24,"column":36}},"10":{"start":{"line":27,"column":8},"end":{"line":27,"column":22}},"11":{"start":{"line":31,"column":26},"end":{"line":31,"column":35}},"12":{"start":{"line":33,"column":8},"end":{"line":42,"column":9}},"13":{"start":{"line":34,"column":12},"end":{"line":34,"column":41}},"14":{"start":{"line":36,"column":12},"end":{"line":39,"column":13}},"15":{"start":{"line":37,"column":16},"end":{"line":37,"column":43}},"16":{"start":{"line":38,"column":16},"end":{"line":38,"column":47}},"17":{"start":{"line":41,"column":12},"end":{"line":41,"column":49}},"18":{"start":{"line":44,"column":8},"end":{"line":44,"column":22}},"19":{"start":{"line":48,"column":8},"end":{"line":48,"column":33}},"20":{"start":{"line":52,"column":26},"end":{"line":52,"column":35}},"21":{"start":{"line":53,"column":20},"end":{"line":53,"column":22}},"22":{"start":{"line":55,"column":8},"end":{"line":61,"column":9}},"23":{"start":{"line":56,"column":12},"end":{"line":56,"column":20}},"24":{"start":{"line":57,"column":12},"end":{"line":59,"column":13}},"25":{"start":{"line":58,"column":16},"end":{"line":58,"column":29}},"26":{"start":{"line":60,"column":12},"end":{"line":60,"column":43}},"27":{"start":{"line":63,"column":8},"end":{"line":63,"column":18}},"28":{"start":{"line":67,"column":26},"end":{"line":67,"column":35}},"29":{"start":{"line":68,"column":20},"end":{"line":68,"column":21}},"30":{"start":{"line":69,"column":8},"end":{"line":72,"column":9}},"31":{"start":{"line":70,"column":12},"end":{"line":70,"column":21}},"32":{"start":{"line":71,"column":12},"end":{"line":71,"column":42}},"33":{"start":{"line":74,"column":8},"end":{"line":74,"column":35}},"34":{"start":{"line":79,"column":21},"end":{"line":79,"column":38}},"35":{"start":{"line":81,"column":26},"end":{"line":81,"column":35}},"36":{"start":{"line":83,"column":27},"end":{"line":83,"column":28}},"37":{"start":{"line":85,"column":8},"end":{"line":87,"column":9}},"38":{"start":{"line":86,"column":12},"end":{"line":86,"column":25}},"39":{"start":{"line":89,"column":8},"end":{"line":100,"column":9}},"40":{"start":{"line":90,"column":12},"end":{"line":90,"column":36}},"41":{"start":{"line":91,"column":12},"end":{"line":91,"column":29}},"42":{"start":{"line":93,"column":12},"end":{"line":97,"column":13}},"43":{"start":{"line":94,"column":16},"end":{"line":94,"column":31}},"44":{"start":{"line":95,"column":16},"end":{"line":95,"column":43}},"45":{"start":{"line":96,"column":16},"end":{"line":96,"column":47}},"46":{"start":{"line":98,"column":12},"end":{"line":98,"column":36}},"47":{"start":{"line":99,"column":12},"end":{"line":99,"column":37}},"48":{"start":{"line":101,"column":8},"end":{"line":101,"column":22}},"49":{"start":{"line":105,"column":26},"end":{"line":105,"column":35}},"50":{"start":{"line":107,"column":27},"end":{"line":107,"column":28}},"51":{"start":{"line":108,"column":8},"end":{"line":110,"column":9}},"52":{"start":{"line":109,"column":12},"end":{"line":109,"column":23}},"53":{"start":{"line":111,"column":8},"end":{"line":120,"column":9}},"54":{"start":{"line":112,"column":12},"end":{"line":112,"column":41}},"55":{"start":{"line":114,"column":12},"end":{"line":118,"column":13}},"56":{"start":{"line":115,"column":16},"end":{"line":115,"column":32}},"57":{"start":{"line":116,"column":16},"end":{"line":116,"column":43}},"58":{"start":{"line":117,"column":16},"end":{"line":117,"column":47}},"59":{"start":{"line":119,"column":12},"end":{"line":119,"column":48}},"60":{"start":{"line":121,"column":8},"end":{"line":121,"column":22}},"61":{"start":{"line":123,"column":8},"end":{"line":123,"column":35}}},"fnMap":{"0":{"name":"(anonymous_0)","decl":{"start":{"line":4,"column":4},"end":{"line":4,"column":5}},"loc":{"start":{"line":4,"column":18},"end":{"line":7,"column":5}},"line":4},"1":{"name":"(anonymous_1)","decl":{"start":{"line":9,"column":4},"end":{"line":9,"column":5}},"loc":{"start":{"line":9,"column":15},"end":{"line":11,"column":5}},"line":9},"2":{"name":"(anonymous_2)","decl":{"start":{"line":13,"column":4},"end":{"line":13,"column":5}},"loc":{"start":{"line":13,"column":17},"end":{"line":28,"column":5}},"line":13},"3":{"name":"(anonymous_3)","decl":{"start":{"line":30,"column":4},"end":{"line":30,"column":5}},"loc":{"start":{"line":30,"column":20},"end":{"line":45,"column":5}},"line":30},"4":{"name":"(anonymous_4)","decl":{"start":{"line":47,"column":4},"end":{"line":47,"column":5}},"loc":{"start":{"line":47,"column":18},"end":{"line":49,"column":5}},"line":47},"5":{"name":"(anonymous_5)","decl":{"start":{"line":51,"column":4},"end":{"line":51,"column":5}},"loc":{"start":{"line":51,"column":21},"end":{"line":64,"column":5}},"line":51},"6":{"name":"(anonymous_6)","decl":{"start":{"line":66,"column":4},"end":{"line":66,"column":5}},"loc":{"start":{"line":66,"column":21},"end":{"line":75,"column":5}},"line":66},"7":{"name":"(anonymous_7)","decl":{"start":{"line":78,"column":4},"end":{"line":78,"column":5}},"loc":{"start":{"line":78,"column":26},"end":{"line":102,"column":5}},"line":78},"8":{"name":"(anonymous_8)","decl":{"start":{"line":104,"column":4},"end":{"line":104,"column":5}},"loc":{"start":{"line":104,"column":20},"end":{"line":124,"column":5}},"line":104}},"branchMap":{"0":{"loc":{"start":{"line":15,"column":8},"end":{"line":25,"column":9}},"type":"if","locations":[{"start":{"line":15,"column":8},"end":{"line":25,"column":9}},{"start":{"line":15,"column":8},"end":{"line":25,"column":9}}],"line":15},"1":{"loc":{"start":{"line":33,"column":8},"end":{"line":42,"column":9}},"type":"if","locations":[{"start":{"line":33,"column":8},"end":{"line":42,"column":9}},{"start":{"line":33,"column":8},"end":{"line":42,"column":9}}],"line":33},"2":{"loc":{"start":{"line":57,"column":12},"end":{"line":59,"column":13}},"type":"if","locations":[{"start":{"line":57,"column":12},"end":{"line":59,"column":13}},{"start":{"line":57,"column":12},"end":{"line":59,"column":13}}],"line":57},"3":{"loc":{"start":{"line":85,"column":8},"end":{"line":87,"column":9}},"type":"if","locations":[{"start":{"line":85,"column":8},"end":{"line":87,"column":9}},{"start":{"line":85,"column":8},"end":{"line":87,"column":9}}],"line":85},"4":{"loc":{"start":{"line":89,"column":8},"end":{"line":100,"column":9}},"type":"if","locations":[{"start":{"line":89,"column":8},"end":{"line":100,"column":9}},{"start":{"line":89,"column":8},"end":{"line":100,"column":9}}],"line":89},"5":{"loc":{"start":{"line":108,"column":8},"end":{"line":110,"column":9}},"type":"if","locations":[{"start":{"line":108,"column":8},"end":{"line":110,"column":9}},{"start":{"line":108,"column":8},"end":{"line":110,"column":9}}],"line":108},"6":{"loc":{"start":{"line":108,"column":12},"end":{"line":108,"column":45}},"type":"binary-expr","locations":[{"start":{"line":108,"column":12},"end":{"line":108,"column":21}},{"start":{"line":108,"column":25},"end":{"line":108,"column":45}}],"line":108},"7":{"loc":{"start":{"line":111,"column":8},"end":{"line":120,"column":9}},"type":"if","locations":[{"start":{"line":111,"column":8},"end":{"line":120,"column":9}},{"start":{"line":111,"column":8},"end":{"line":120,"column":9}}],"line":111}},"s":{"0":11,"1":11,"2":3,"3":21,"4":21,"5":11,"6":10,"7":10,"8":0,"9":10,"10":21,"11":1,"12":1,"13":1,"14":0,"15":0,"16":0,"17":0,"18":1,"19":2,"20":8,"21":8,"22":8,"23":9,"24":9,"25":5,"26":4,"27":3,"28":6,"29":6,"30":6,"31":7,"32":7,"33":6,"34":3,"35":3,"36":3,"37":3,"38":1,"39":2,"40":1,"41":1,"42":1,"43":1,"44":1,"45":1,"46":1,"47":1,"48":2,"49":3,"50":3,"51":3,"52":0,"53":3,"54":2,"55":1,"56":1,"57":1,"58":1,"59":1,"60":3,"61":3},"f":{"0":11,"1":3,"2":21,"3":1,"4":2,"5":8,"6":6,"7":3,"8":3},"b":{"0":[11,10],"1":[1,0],"2":[5,4],"3":[1,2],"4":[1,1],"5":[0,3],"6":[3,3],"7":[2,1]},"_coverageSchema":"43e27e138ebf9cfc5966b082cf9a028302ed4184","hash":"712780827cfae75e523188baf1e589f5146ae7ec"}
,"/Users/dariaborisyak/dev/DataStructures/src/Map/index.js": {"path":"/Users/dariaborisyak/dev/DataStructures/src/Map/index.js","statementMap":{"0":{"start":{"line":3,"column":8},"end":{"line":3,"column":37}},"1":{"start":{"line":4,"column":8},"end":{"line":4,"column":27}},"2":{"start":{"line":8,"column":8},"end":{"line":8,"column":26}},"3":{"start":{"line":12,"column":8},"end":{"line":12,"column":37}},"4":{"start":{"line":13,"column":8},"end":{"line":13,"column":21}},"5":{"start":{"line":17,"column":8},"end":{"line":17,"column":38}},"6":{"start":{"line":21,"column":8},"end":{"line":21,"column":70}},"7":{"start":{"line":25,"column":8},"end":{"line":28,"column":9}},"8":{"start":{"line":26,"column":12},"end":{"line":26,"column":40}},"9":{"start":{"line":27,"column":12},"end":{"line":27,"column":25}},"10":{"start":{"line":32,"column":21},"end":{"line":32,"column":23}},"11":{"start":{"line":33,"column":8},"end":{"line":35,"column":9}},"12":{"start":{"line":34,"column":12},"end":{"line":34,"column":46}},"13":{"start":{"line":37,"column":8},"end":{"line":37,"column":51}},"14":{"start":{"line":41,"column":8},"end":{"line":41,"column":29}},"15":{"start":{"line":42,"column":8},"end":{"line":42,"column":23}}},"fnMap":{"0":{"name":"(anonymous_0)","decl":{"start":{"line":2,"column":4},"end":{"line":2,"column":5}},"loc":{"start":{"line":2,"column":44},"end":{"line":5,"column":5}},"line":2},"1":{"name":"(anonymous_1)","decl":{"start":{"line":7,"column":4},"end":{"line":7,"column":5}},"loc":{"start":{"line":7,"column":15},"end":{"line":9,"column":5}},"line":7},"2":{"name":"(anonymous_2)","decl":{"start":{"line":11,"column":4},"end":{"line":11,"column":5}},"loc":{"start":{"line":11,"column":20},"end":{"line":14,"column":5}},"line":11},"3":{"name":"(anonymous_3)","decl":{"start":{"line":16,"column":4},"end":{"line":16,"column":5}},"loc":{"start":{"line":16,"column":13},"end":{"line":18,"column":5}},"line":16},"4":{"name":"(anonymous_4)","decl":{"start":{"line":20,"column":4},"end":{"line":20,"column":5}},"loc":{"start":{"line":20,"column":13},"end":{"line":22,"column":5}},"line":20},"5":{"name":"(anonymous_5)","decl":{"start":{"line":24,"column":4},"end":{"line":24,"column":5}},"loc":{"start":{"line":24,"column":16},"end":{"line":29,"column":5}},"line":24},"6":{"name":"(anonymous_6)","decl":{"start":{"line":31,"column":4},"end":{"line":31,"column":5}},"loc":{"start":{"line":31,"column":17},"end":{"line":38,"column":5}},"line":31},"7":{"name":"(anonymous_7)","decl":{"start":{"line":40,"column":4},"end":{"line":40,"column":5}},"loc":{"start":{"line":40,"column":12},"end":{"line":43,"column":5}},"line":40}},"branchMap":{"0":{"loc":{"start":{"line":2,"column":16},"end":{"line":2,"column":31}},"type":"default-arg","locations":[{"start":{"line":2,"column":29},"end":{"line":2,"column":31}}],"line":2},"1":{"loc":{"start":{"line":2,"column":33},"end":{"line":2,"column":42}},"type":"default-arg","locations":[{"start":{"line":2,"column":41},"end":{"line":2,"column":42}}],"line":2},"2":{"loc":{"start":{"line":21,"column":15},"end":{"line":21,"column":69}},"type":"cond-expr","locations":[{"start":{"line":21,"column":42},"end":{"line":21,"column":62}},{"start":{"line":21,"column":65},"end":{"line":21,"column":69}}],"line":21},"3":{"loc":{"start":{"line":25,"column":8},"end":{"line":28,"column":9}},"type":"if","locations":[{"start":{"line":25,"column":8},"end":{"line":28,"column":9}},{"start":{"line":25,"column":8},"end":{"line":28,"column":9}}],"line":25},"4":{"loc":{"start":{"line":37,"column":15},"end":{"line":37,"column":50}},"type":"cond-expr","locations":[{"start":{"line":37,"column":37},"end":{"line":37,"column":43}},{"start":{"line":37,"column":46},"end":{"line":37,"column":50}}],"line":37}},"s":{"0":3,"1":3,"2":3,"3":6,"4":6,"5":0,"6":3,"7":1,"8":1,"9":1,"10":1,"11":1,"12":2,"13":1,"14":4,"15":4},"f":{"0":3,"1":3,"2":6,"3":0,"4":3,"5":1,"6":1,"7":4},"b":{"0":[3],"1":[3],"2":[2,1],"3":[1,0],"4":[1,0]},"_coverageSchema":"43e27e138ebf9cfc5966b082cf9a028302ed4184","hash":"b8217dc0d14e37ee4622b2fda1da343a251f3978"}
,"/Users/dariaborisyak/dev/DataStructures/src/PriorityQueue/index.js": {"path":"/Users/dariaborisyak/dev/DataStructures/src/PriorityQueue/index.js","statementMap":{"0":{"start":{"line":3,"column":8},"end":{"line":3,"column":37}},"1":{"start":{"line":7,"column":8},"end":{"line":22,"column":9}},"2":{"start":{"line":8,"column":12},"end":{"line":8,"column":42}},"3":{"start":{"line":10,"column":24},"end":{"line":10,"column":29}},"4":{"start":{"line":11,"column":12},"end":{"line":17,"column":13}},"5":{"start":{"line":11,"column":23},"end":{"line":11,"column":24}},"6":{"start":{"line":12,"column":16},"end":{"line":16,"column":17}},"7":{"start":{"line":13,"column":20},"end":{"line":13,"column":58}},"8":{"start":{"line":14,"column":20},"end":{"line":14,"column":33}},"9":{"start":{"line":15,"column":20},"end":{"line":15,"column":26}},"10":{"start":{"line":19,"column":12},"end":{"line":21,"column":13}},"11":{"start":{"line":20,"column":16},"end":{"line":20,"column":46}},"12":{"start":{"line":26,"column":22},"end":{"line":26,"column":45}},"13":{"start":{"line":27,"column":8},"end":{"line":27,"column":24}},"14":{"start":{"line":31,"column":8},"end":{"line":31,"column":34}},"15":{"start":{"line":35,"column":8},"end":{"line":35,"column":38}},"16":{"start":{"line":39,"column":8},"end":{"line":39,"column":46}}},"fnMap":{"0":{"name":"(anonymous_0)","decl":{"start":{"line":2,"column":4},"end":{"line":2,"column":5}},"loc":{"start":{"line":2,"column":33},"end":{"line":4,"column":5}},"line":2},"1":{"name":"(anonymous_1)","decl":{"start":{"line":6,"column":4},"end":{"line":6,"column":5}},"loc":{"start":{"line":6,"column":21},"end":{"line":23,"column":5}},"line":6},"2":{"name":"(anonymous_2)","decl":{"start":{"line":25,"column":4},"end":{"line":25,"column":5}},"loc":{"start":{"line":25,"column":14},"end":{"line":28,"column":5}},"line":25},"3":{"name":"(anonymous_3)","decl":{"start":{"line":30,"column":4},"end":{"line":30,"column":5}},"loc":{"start":{"line":30,"column":16},"end":{"line":32,"column":5}},"line":30},"4":{"name":"(anonymous_4)","decl":{"start":{"line":34,"column":4},"end":{"line":34,"column":5}},"loc":{"start":{"line":34,"column":15},"end":{"line":36,"column":5}},"line":34},"5":{"name":"(anonymous_5)","decl":{"start":{"line":38,"column":4},"end":{"line":38,"column":5}},"loc":{"start":{"line":38,"column":18},"end":{"line":40,"column":5}},"line":38}},"branchMap":{"0":{"loc":{"start":{"line":2,"column":16},"end":{"line":2,"column":31}},"type":"default-arg","locations":[{"start":{"line":2,"column":29},"end":{"line":2,"column":31}}],"line":2},"1":{"loc":{"start":{"line":7,"column":8},"end":{"line":22,"column":9}},"type":"if","locations":[{"start":{"line":7,"column":8},"end":{"line":22,"column":9}},{"start":{"line":7,"column":8},"end":{"line":22,"column":9}}],"line":7},"2":{"loc":{"start":{"line":12,"column":16},"end":{"line":16,"column":17}},"type":"if","locations":[{"start":{"line":12,"column":16},"end":{"line":16,"column":17}},{"start":{"line":12,"column":16},"end":{"line":16,"column":17}}],"line":12},"3":{"loc":{"start":{"line":19,"column":12},"end":{"line":21,"column":13}},"type":"if","locations":[{"start":{"line":19,"column":12},"end":{"line":21,"column":13}},{"start":{"line":19,"column":12},"end":{"line":21,"column":13}}],"line":19}},"s":{"0":4,"1":1,"2":0,"3":1,"4":1,"5":1,"6":2,"7":0,"8":0,"9":0,"10":1,"11":1,"12":1,"13":1,"14":3,"15":2,"16":3},"f":{"0":4,"1":1,"2":1,"3":3,"4":2,"5":3},"b":{"0":[1],"1":[0,1],"2":[0,2],"3":[1,0]},"_coverageSchema":"43e27e138ebf9cfc5966b082cf9a028302ed4184","hash":"0aba2d84869f65b9035e0d0ba72ff8dbf953cdef"}
,"/Users/dariaborisyak/dev/DataStructures/src/Queue/index.js": {"path":"/Users/dariaborisyak/dev/DataStructures/src/Queue/index.js","statementMap":{"0":{"start":{"line":3,"column":8},"end":{"line":3,"column":37}},"1":{"start":{"line":7,"column":8},"end":{"line":7,"column":38}},"2":{"start":{"line":11,"column":8},"end":{"line":11,"column":39}},"3":{"start":{"line":15,"column":8},"end":{"line":15,"column":34}},"4":{"start":{"line":19,"column":8},"end":{"line":19,"column":38}},"5":{"start":{"line":23,"column":8},"end":{"line":23,"column":46}}},"fnMap":{"0":{"name":"(anonymous_0)","decl":{"start":{"line":2,"column":4},"end":{"line":2,"column":5}},"loc":{"start":{"line":2,"column":33},"end":{"line":4,"column":5}},"line":2},"1":{"name":"(anonymous_1)","decl":{"start":{"line":6,"column":4},"end":{"line":6,"column":5}},"loc":{"start":{"line":6,"column":21},"end":{"line":8,"column":5}},"line":6},"2":{"name":"(anonymous_2)","decl":{"start":{"line":10,"column":4},"end":{"line":10,"column":5}},"loc":{"start":{"line":10,"column":14},"end":{"line":12,"column":5}},"line":10},"3":{"name":"(anonymous_3)","decl":{"start":{"line":14,"column":4},"end":{"line":14,"column":5}},"loc":{"start":{"line":14,"column":16},"end":{"line":16,"column":5}},"line":14},"4":{"name":"(anonymous_4)","decl":{"start":{"line":18,"column":4},"end":{"line":18,"column":5}},"loc":{"start":{"line":18,"column":15},"end":{"line":20,"column":5}},"line":18},"5":{"name":"(anonymous_5)","decl":{"start":{"line":22,"column":4},"end":{"line":22,"column":5}},"loc":{"start":{"line":22,"column":18},"end":{"line":24,"column":5}},"line":22}},"branchMap":{"0":{"loc":{"start":{"line":2,"column":16},"end":{"line":2,"column":31}},"type":"default-arg","locations":[{"start":{"line":2,"column":29},"end":{"line":2,"column":31}}],"line":2}},"s":{"0":4,"1":1,"2":1,"3":3,"4":2,"5":2},"f":{"0":4,"1":1,"2":1,"3":3,"4":2,"5":2},"b":{"0":[1]},"_coverageSchema":"43e27e138ebf9cfc5966b082cf9a028302ed4184","hash":"8f8563f247360c2527e43986e05228feb77a25fd"}
,"/Users/dariaborisyak/dev/DataStructures/src/Set/index.js": {"path":"/Users/dariaborisyak/dev/DataStructures/src/Set/index.js","statementMap":{"0":{"start":{"line":3,"column":8},"end":{"line":3,"column":42}},"1":{"start":{"line":7,"column":8},"end":{"line":7,"column":55}},"2":{"start":{"line":11,"column":8},"end":{"line":11,"column":31}},"3":{"start":{"line":15,"column":8},"end":{"line":18,"column":9}},"4":{"start":{"line":16,"column":12},"end":{"line":16,"column":42}},"5":{"start":{"line":17,"column":12},"end":{"line":17,"column":24}},"6":{"start":{"line":20,"column":8},"end":{"line":20,"column":21}},"7":{"start":{"line":24,"column":8},"end":{"line":29,"column":9}},"8":{"start":{"line":25,"column":26},"end":{"line":25,"column":58}},"9":{"start":{"line":26,"column":12},"end":{"line":26,"column":45}},"10":{"start":{"line":28,"column":12},"end":{"line":28,"column":24}},"11":{"start":{"line":31,"column":8},"end":{"line":31,"column":21}},"12":{"start":{"line":35,"column":8},"end":{"line":35,"column":38}},"13":{"start":{"line":39,"column":25},"end":{"line":39,"column":34}},"14":{"start":{"line":40,"column":25},"end":{"line":40,"column":36}},"15":{"start":{"line":41,"column":26},"end":{"line":41,"column":41}},"16":{"start":{"line":43,"column":8},"end":{"line":43,"column":47}},"17":{"start":{"line":43,"column":30},"end":{"line":43,"column":45}},"18":{"start":{"line":44,"column":8},"end":{"line":44,"column":48}},"19":{"start":{"line":44,"column":31},"end":{"line":44,"column":46}},"20":{"start":{"line":46,"column":8},"end":{"line":46,"column":24}},"21":{"start":{"line":50,"column":32},"end":{"line":50,"column":41}},"22":{"start":{"line":51,"column":25},"end":{"line":51,"column":36}},"23":{"start":{"line":53,"column":8},"end":{"line":57,"column":11}},"24":{"start":{"line":54,"column":12},"end":{"line":56,"column":13}},"25":{"start":{"line":55,"column":16},"end":{"line":55,"column":39}},"26":{"start":{"line":59,"column":8},"end":{"line":59,"column":31}},"27":{"start":{"line":63,"column":30},"end":{"line":63,"column":39}},"28":{"start":{"line":64,"column":25},"end":{"line":64,"column":36}},"29":{"start":{"line":66,"column":8},"end":{"line":70,"column":11}},"30":{"start":{"line":67,"column":12},"end":{"line":69,"column":13}},"31":{"start":{"line":68,"column":16},"end":{"line":68,"column":37}},"32":{"start":{"line":72,"column":8},"end":{"line":72,"column":29}},"33":{"start":{"line":76,"column":25},"end":{"line":76,"column":36}},"34":{"start":{"line":78,"column":8},"end":{"line":78,"column":60}},"35":{"start":{"line":78,"column":39},"end":{"line":78,"column":58}}},"fnMap":{"0":{"name":"(anonymous_0)","decl":{"start":{"line":2,"column":4},"end":{"line":2,"column":5}},"loc":{"start":{"line":2,"column":33},"end":{"line":4,"column":5}},"line":2},"1":{"name":"(anonymous_1)","decl":{"start":{"line":6,"column":4},"end":{"line":6,"column":5}},"loc":{"start":{"line":6,"column":17},"end":{"line":8,"column":5}},"line":6},"2":{"name":"(anonymous_2)","decl":{"start":{"line":10,"column":4},"end":{"line":10,"column":5}},"loc":{"start":{"line":10,"column":17},"end":{"line":12,"column":5}},"line":10},"3":{"name":"(anonymous_3)","decl":{"start":{"line":14,"column":4},"end":{"line":14,"column":5}},"loc":{"start":{"line":14,"column":17},"end":{"line":21,"column":5}},"line":14},"4":{"name":"(anonymous_4)","decl":{"start":{"line":23,"column":4},"end":{"line":23,"column":5}},"loc":{"start":{"line":23,"column":20},"end":{"line":32,"column":5}},"line":23},"5":{"name":"(anonymous_5)","decl":{"start":{"line":34,"column":4},"end":{"line":34,"column":5}},"loc":{"start":{"line":34,"column":15},"end":{"line":36,"column":5}},"line":34},"6":{"name":"(anonymous_6)","decl":{"start":{"line":38,"column":4},"end":{"line":38,"column":5}},"loc":{"start":{"line":38,"column":20},"end":{"line":47,"column":5}},"line":38},"7":{"name":"(anonymous_7)","decl":{"start":{"line":43,"column":25},"end":{"line":43,"column":26}},"loc":{"start":{"line":43,"column":30},"end":{"line":43,"column":45}},"line":43},"8":{"name":"(anonymous_8)","decl":{"start":{"line":44,"column":26},"end":{"line":44,"column":27}},"loc":{"start":{"line":44,"column":31},"end":{"line":44,"column":46}},"line":44},"9":{"name":"(anonymous_9)","decl":{"start":{"line":49,"column":4},"end":{"line":49,"column":5}},"loc":{"start":{"line":49,"column":27},"end":{"line":60,"column":5}},"line":49},"10":{"name":"(anonymous_10)","decl":{"start":{"line":53,"column":25},"end":{"line":53,"column":26}},"loc":{"start":{"line":53,"column":30},"end":{"line":57,"column":9}},"line":53},"11":{"name":"(anonymous_11)","decl":{"start":{"line":62,"column":4},"end":{"line":62,"column":5}},"loc":{"start":{"line":62,"column":25},"end":{"line":73,"column":5}},"line":62},"12":{"name":"(anonymous_12)","decl":{"start":{"line":66,"column":25},"end":{"line":66,"column":26}},"loc":{"start":{"line":66,"column":30},"end":{"line":70,"column":9}},"line":66},"13":{"name":"(anonymous_13)","decl":{"start":{"line":75,"column":4},"end":{"line":75,"column":5}},"loc":{"start":{"line":75,"column":21},"end":{"line":79,"column":5}},"line":75},"14":{"name":"(anonymous_14)","decl":{"start":{"line":78,"column":30},"end":{"line":78,"column":31}},"loc":{"start":{"line":78,"column":39},"end":{"line":78,"column":58}},"line":78}},"branchMap":{"0":{"loc":{"start":{"line":2,"column":16},"end":{"line":2,"column":31}},"type":"default-arg","locations":[{"start":{"line":2,"column":29},"end":{"line":2,"column":31}}],"line":2},"1":{"loc":{"start":{"line":15,"column":8},"end":{"line":18,"column":9}},"type":"if","locations":[{"start":{"line":15,"column":8},"end":{"line":18,"column":9}},{"start":{"line":15,"column":8},"end":{"line":18,"column":9}}],"line":15},"2":{"loc":{"start":{"line":24,"column":8},"end":{"line":29,"column":9}},"type":"if","locations":[{"start":{"line":24,"column":8},"end":{"line":29,"column":9}},{"start":{"line":24,"column":8},"end":{"line":29,"column":9}}],"line":24},"3":{"loc":{"start":{"line":54,"column":12},"end":{"line":56,"column":13}},"type":"if","locations":[{"start":{"line":54,"column":12},"end":{"line":56,"column":13}},{"start":{"line":54,"column":12},"end":{"line":56,"column":13}}],"line":54},"4":{"loc":{"start":{"line":67,"column":12},"end":{"line":69,"column":13}},"type":"if","locations":[{"start":{"line":67,"column":12},"end":{"line":69,"column":13}},{"start":{"line":67,"column":12},"end":{"line":69,"column":13}}],"line":67}},"s":{"0":8,"1":41,"2":10,"3":16,"4":14,"5":14,"6":2,"7":1,"8":1,"9":1,"10":1,"11":0,"12":2,"13":1,"14":1,"15":1,"16":1,"17":5,"18":1,"19":4,"20":1,"21":1,"22":1,"23":1,"24":5,"25":1,"26":1,"27":1,"28":1,"29":1,"30":5,"31":4,"32":1,"33":2,"34":2,"35":6},"f":{"0":8,"1":41,"2":10,"3":16,"4":1,"5":2,"6":1,"7":5,"8":4,"9":1,"10":5,"11":1,"12":5,"13":2,"14":6},"b":{"0":[3],"1":[14,2],"2":[1,0],"3":[1,4],"4":[4,1]},"_coverageSchema":"43e27e138ebf9cfc5966b082cf9a028302ed4184","hash":"7b965e8584f66d7e2fa03bfc501515db1f049b72"}
,"/Users/dariaborisyak/dev/DataStructures/src/Stack/index.js": {"path":"/Users/dariaborisyak/dev/DataStructures/src/Stack/index.js","statementMap":{"0":{"start":{"line":3,"column":8},"end":{"line":3,"column":27}},"1":{"start":{"line":4,"column":8},"end":{"line":4,"column":31}},"2":{"start":{"line":8,"column":8},"end":{"line":8,"column":41}},"3":{"start":{"line":9,"column":8},"end":{"line":9,"column":21}},"4":{"start":{"line":13,"column":8},"end":{"line":15,"column":9}},"5":{"start":{"line":14,"column":12},"end":{"line":14,"column":29}},"6":{"start":{"line":17,"column":8},"end":{"line":17,"column":21}},"7":{"start":{"line":18,"column":23},"end":{"line":18,"column":47}},"8":{"start":{"line":19,"column":8},"end":{"line":19,"column":40}},"9":{"start":{"line":20,"column":8},"end":{"line":20,"column":22}},"10":{"start":{"line":24,"column":8},"end":{"line":24,"column":26}},"11":{"start":{"line":28,"column":8},"end":{"line":28,"column":42}}},"fnMap":{"0":{"name":"(anonymous_0)","decl":{"start":{"line":2,"column":4},"end":{"line":2,"column":5}},"loc":{"start":{"line":2,"column":41},"end":{"line":5,"column":5}},"line":2},"1":{"name":"(anonymous_1)","decl":{"start":{"line":7,"column":4},"end":{"line":7,"column":5}},"loc":{"start":{"line":7,"column":16},"end":{"line":10,"column":5}},"line":7},"2":{"name":"(anonymous_2)","decl":{"start":{"line":12,"column":4},"end":{"line":12,"column":5}},"loc":{"start":{"line":12,"column":10},"end":{"line":21,"column":5}},"line":12},"3":{"name":"(anonymous_3)","decl":{"start":{"line":23,"column":4},"end":{"line":23,"column":5}},"loc":{"start":{"line":23,"column":15},"end":{"line":25,"column":5}},"line":23},"4":{"name":"(anonymous_4)","decl":{"start":{"line":27,"column":4},"end":{"line":27,"column":5}},"loc":{"start":{"line":27,"column":15},"end":{"line":29,"column":5}},"line":27}},"branchMap":{"0":{"loc":{"start":{"line":2,"column":16},"end":{"line":2,"column":25}},"type":"default-arg","locations":[{"start":{"line":2,"column":24},"end":{"line":2,"column":25}}],"line":2},"1":{"loc":{"start":{"line":2,"column":27},"end":{"line":2,"column":39}},"type":"default-arg","locations":[{"start":{"line":2,"column":37},"end":{"line":2,"column":39}}],"line":2},"2":{"loc":{"start":{"line":13,"column":8},"end":{"line":15,"column":9}},"type":"if","locations":[{"start":{"line":13,"column":8},"end":{"line":15,"column":9}},{"start":{"line":13,"column":8},"end":{"line":15,"column":9}}],"line":13}},"s":{"0":2,"1":2,"2":2,"3":2,"4":2,"5":1,"6":1,"7":1,"8":1,"9":1,"10":5,"11":3},"f":{"0":2,"1":2,"2":2,"3":5,"4":3},"b":{"0":[2],"1":[2],"2":[1,1]},"_coverageSchema":"43e27e138ebf9cfc5966b082cf9a028302ed4184","hash":"1b5a67f3b7009c5e1c95251d9cbad7a045b00401"}
}
