TN:
SF:/Users/dariaborisyak/dev/DataStructures/src/BinaryTree/Node.js
FN:2,(anonymous_0)
FNF:1
FNH:1
FNDA:3,(anonymous_0)
DA:3,3
DA:4,3
DA:5,3
LF:3
LH:3
BRDA:2,0,0,3
BRDA:2,1,0,3
BRF:2
BRH:2
end_of_record
TN:
SF:/Users/dariaborisyak/dev/DataStructures/src/BinaryTree/index.js
FN:5,(anonymous_0)
FN:9,(anonymous_1)
FN:19,(anonymous_2)
FN:27,(anonymous_3)
FN:35,(anonymous_4)
FN:50,(anonymous_5)
FN:65,(anonymous_6)
FN:69,(anonymous_7)
FN:73,(anonymous_8)
FN:84,(anonymous_9)
FN:95,(anonymous_10)
FN:101,traverseInOrder
FN:113,(anonymous_12)
FN:119,traversePreOrder
FN:131,(anonymous_14)
FN:137,traversePostOrder
FN:149,(anonymous_16)
FNF:17
FNH:14
FNDA:1,(anonymous_0)
FNDA:9,(anonymous_1)
FNDA:1,(anonymous_2)
FNDA:1,(anonymous_3)
FNDA:0,(anonymous_4)
FNDA:0,(anonymous_5)
FNDA:0,(anonymous_6)
FNDA:1,(anonymous_7)
FNDA:14,(anonymous_8)
FNDA:14,(anonymous_9)
FNDA:1,(anonymous_10)
FNDA:3,traverseInOrder
FNDA:1,(anonymous_12)
FNDA:3,traversePreOrder
FNDA:1,(anonymous_14)
FNDA:3,traversePostOrder
FNDA:1,(anonymous_16)
DA:6,1
DA:10,9
DA:12,9
DA:13,1
DA:15,8
DA:20,1
DA:21,1
DA:22,1
DA:24,1
DA:28,1
DA:29,1
DA:30,1
DA:32,1
DA:36,0
DA:37,0
DA:38,0
DA:39,0
DA:41,0
DA:43,0
DA:44,0
DA:47,0
DA:51,0
DA:52,0
DA:53,0
DA:54,0
DA:56,0
DA:57,0
DA:59,0
DA:62,0
DA:66,0
DA:70,1
DA:74,14
DA:75,8
DA:78,6
DA:79,6
DA:81,6
DA:85,14
DA:86,8
DA:89,6
DA:90,6
DA:92,6
DA:96,1
DA:97,0
DA:99,1
DA:102,3
DA:103,3
DA:104,3
DA:107,1
DA:109,1
DA:114,1
DA:115,0
DA:117,1
DA:120,3
DA:121,3
DA:122,3
DA:125,1
DA:127,1
DA:132,1
DA:133,0
DA:135,1
DA:138,3
DA:139,3
DA:140,3
DA:143,1
DA:145,1
DA:150,1
DA:151,1
DA:152,1
DA:153,1
DA:154,1
DA:155,3
DA:156,3
DA:157,3
DA:158,1
DA:160,3
DA:161,1
DA:165,1
DA:168,0
LF:78
LH:57
BRDA:12,0,0,1
BRDA:12,0,1,8
BRDA:38,1,0,0
BRDA:38,1,1,0
BRDA:43,2,0,0
BRDA:43,2,1,0
BRDA:53,3,0,0
BRDA:53,3,1,0
BRDA:56,4,0,0
BRDA:56,4,1,0
BRDA:73,5,0,2
BRDA:74,6,0,8
BRDA:74,6,1,6
BRDA:81,7,0,0
BRDA:81,7,1,6
BRDA:84,8,0,2
BRDA:85,9,0,8
BRDA:85,9,1,6
BRDA:92,10,0,0
BRDA:92,10,1,6
BRDA:96,11,0,0
BRDA:96,11,1,1
BRDA:102,12,0,3
BRDA:102,12,1,1
BRDA:104,13,0,3
BRDA:104,13,1,1
BRDA:114,14,0,0
BRDA:114,14,1,1
BRDA:121,15,0,3
BRDA:121,15,1,1
BRDA:122,16,0,3
BRDA:122,16,1,1
BRDA:132,17,0,0
BRDA:132,17,1,1
BRDA:138,18,0,3
BRDA:138,18,1,1
BRDA:139,19,0,3
BRDA:139,19,1,1
BRDA:152,20,0,1
BRDA:152,20,1,0
BRDA:157,21,0,1
BRDA:157,21,1,2
BRDA:160,22,0,1
BRDA:160,22,1,2
BRF:44
BRH:30
end_of_record
TN:
SF:/Users/dariaborisyak/dev/DataStructures/src/BinaryTree/utils.js
FN:3,(anonymous_0)
FN:21,(anonymous_1)
FNF:2
FNH:1
FNDA:14,(anonymous_0)
FNDA:0,(anonymous_1)
DA:3,1
DA:4,14
DA:5,5
DA:6,1
DA:8,4
DA:10,9
DA:11,3
DA:12,1
DA:14,2
DA:17,6
DA:21,1
DA:22,0
DA:23,0
DA:26,0
DA:27,0
DA:28,0
DA:31,0
DA:32,0
DA:35,0
DA:36,0
DA:39,0
DA:41,0
DA:42,0
DA:45,0
DA:46,0
DA:48,0
DA:49,0
DA:50,0
DA:52,0
DA:54,0
DA:56,0
LF:31
LH:11
BRDA:4,0,0,5
BRDA:4,0,1,9
BRDA:5,1,0,1
BRDA:5,1,1,4
BRDA:10,2,0,3
BRDA:10,2,1,6
BRDA:11,3,0,1
BRDA:11,3,1,2
BRDA:22,4,0,0
BRDA:22,4,1,0
BRDA:26,5,0,0
BRDA:26,5,1,0
BRDA:27,6,0,0
BRDA:27,6,1,0
BRDA:27,7,0,0
BRDA:27,7,1,0
BRDA:31,8,0,0
BRDA:31,8,1,0
BRDA:35,9,0,0
BRDA:35,9,1,0
BRDA:49,10,0,0
BRDA:49,10,1,0
BRF:22
BRH:8
end_of_record
TN:
SF:/Users/dariaborisyak/dev/DataStructures/src/HashTable/index.js
FN:4,(anonymous_0)
FN:9,(anonymous_1)
FN:30,(anonymous_2)
FN:44,(anonymous_3)
FNF:4
FNH:4
FNDA:2,(anonymous_0)
FNDA:4,(anonymous_1)
FNDA:1,(anonymous_2)
FNDA:4,(anonymous_3)
DA:5,2
DA:6,2
DA:10,4
DA:12,4
DA:13,4
DA:17,0
DA:18,0
DA:19,0
DA:20,0
DA:21,0
DA:24,0
DA:25,0
DA:31,1
DA:33,1
DA:34,1
DA:36,0
DA:37,0
DA:38,0
DA:45,4
DA:47,4
DA:48,1
DA:50,3
DA:51,3
DA:52,3
LF:24
LH:14
BRDA:4,0,0,2
BRDA:4,1,0,2
BRDA:12,2,0,4
BRDA:12,2,1,0
BRDA:19,3,0,0
BRDA:19,3,1,0
BRDA:24,4,0,0
BRDA:24,4,1,0
BRDA:33,5,0,1
BRDA:33,5,1,0
BRDA:33,6,0,1
BRDA:33,6,1,1
BRDA:37,7,0,0
BRDA:37,7,1,0
BRDA:47,8,0,1
BRDA:47,8,1,3
BRDA:51,9,0,3
BRDA:51,9,1,0
BRF:18
BRH:9
end_of_record
TN:
SF:/Users/dariaborisyak/dev/DataStructures/src/HashTable/utils.js
FN:1,(anonymous_0)
FNF:1
FNH:1
FNDA:9,(anonymous_0)
DA:1,1
DA:2,9
DA:3,9
DA:4,9
DA:7,9
LF:5
LH:5
BRF:0
BRH:0
end_of_record
TN:
SF:/Users/dariaborisyak/dev/DataStructures/src/LinkedList/Node.js
FN:2,(anonymous_0)
FNF:1
FNH:1
FNDA:24,(anonymous_0)
DA:3,24
DA:4,24
LF:2
LH:2
BRF:0
BRH:0
end_of_record
TN:
SF:/Users/dariaborisyak/dev/DataStructures/src/LinkedList/index.js
FN:4,(anonymous_0)
FN:9,(anonymous_1)
FN:13,(anonymous_2)
FN:30,(anonymous_3)
FN:47,(anonymous_4)
FN:51,(anonymous_5)
FN:66,(anonymous_6)
FN:78,(anonymous_7)
FN:104,(anonymous_8)
FNF:9
FNH:9
FNDA:11,(anonymous_0)
FNDA:3,(anonymous_1)
FNDA:21,(anonymous_2)
FNDA:1,(anonymous_3)
FNDA:2,(anonymous_4)
FNDA:8,(anonymous_5)
FNDA:6,(anonymous_6)
FNDA:3,(anonymous_7)
FNDA:3,(anonymous_8)
DA:5,11
DA:6,11
DA:10,3
DA:14,21
DA:15,21
DA:16,11
DA:18,10
DA:20,10
DA:21,0
DA:24,10
DA:27,21
DA:31,1
DA:33,1
DA:34,1
DA:36,0
DA:37,0
DA:38,0
DA:41,0
DA:44,1
DA:48,2
DA:52,8
DA:53,8
DA:55,8
DA:56,9
DA:57,9
DA:58,5
DA:60,4
DA:63,3
DA:67,6
DA:68,6
DA:69,6
DA:70,7
DA:71,7
DA:74,6
DA:79,3
DA:81,3
DA:83,3
DA:85,3
DA:86,1
DA:89,2
DA:90,1
DA:91,1
DA:93,1
DA:94,1
DA:95,1
DA:96,1
DA:98,1
DA:99,1
DA:101,2
DA:105,3
DA:107,3
DA:108,3
DA:109,0
DA:111,3
DA:112,2
DA:114,1
DA:115,1
DA:116,1
DA:117,1
DA:119,1
DA:121,3
DA:123,3
LF:62
LH:56
BRDA:15,0,0,11
BRDA:15,0,1,10
BRDA:33,1,0,1
BRDA:33,1,1,0
BRDA:57,2,0,5
BRDA:57,2,1,4
BRDA:85,3,0,1
BRDA:85,3,1,2
BRDA:89,4,0,1
BRDA:89,4,1,1
BRDA:108,5,0,0
BRDA:108,5,1,3
BRDA:108,6,0,3
BRDA:108,6,1,3
BRDA:111,7,0,2
BRDA:111,7,1,1
BRF:16
BRH:14
end_of_record
TN:
SF:/Users/dariaborisyak/dev/DataStructures/src/Map/index.js
FN:2,(anonymous_0)
FN:7,(anonymous_1)
FN:11,(anonymous_2)
FN:16,(anonymous_3)
FN:20,(anonymous_4)
FN:24,(anonymous_5)
FN:31,(anonymous_6)
FN:40,(anonymous_7)
FNF:8
FNH:7
FNDA:3,(anonymous_0)
FNDA:3,(anonymous_1)
FNDA:6,(anonymous_2)
FNDA:0,(anonymous_3)
FNDA:3,(anonymous_4)
FNDA:1,(anonymous_5)
FNDA:1,(anonymous_6)
FNDA:4,(anonymous_7)
DA:3,3
DA:4,3
DA:8,3
DA:12,6
DA:13,6
DA:17,0
DA:21,3
DA:25,1
DA:26,1
DA:27,1
DA:32,1
DA:33,1
DA:34,2
DA:37,1
DA:41,4
DA:42,4
LF:16
LH:15
BRDA:2,0,0,3
BRDA:2,1,0,3
BRDA:21,2,0,2
BRDA:21,2,1,1
BRDA:25,3,0,1
BRDA:25,3,1,0
BRDA:37,4,0,1
BRDA:37,4,1,0
BRF:8
BRH:6
end_of_record
TN:
SF:/Users/dariaborisyak/dev/DataStructures/src/PriorityQueue/index.js
FN:2,(anonymous_0)
FN:6,(anonymous_1)
FN:25,(anonymous_2)
FN:30,(anonymous_3)
FN:34,(anonymous_4)
FN:38,(anonymous_5)
FNF:6
FNH:6
FNDA:4,(anonymous_0)
FNDA:1,(anonymous_1)
FNDA:1,(anonymous_2)
FNDA:3,(anonymous_3)
FNDA:2,(anonymous_4)
FNDA:3,(anonymous_5)
DA:3,4
DA:7,1
DA:8,0
DA:10,1
DA:11,1
DA:12,2
DA:13,0
DA:14,0
DA:15,0
DA:19,1
DA:20,1
DA:26,1
DA:27,1
DA:31,3
DA:35,2
DA:39,3
LF:16
LH:12
BRDA:2,0,0,1
BRDA:7,1,0,0
BRDA:7,1,1,1
BRDA:12,2,0,0
BRDA:12,2,1,2
BRDA:19,3,0,1
BRDA:19,3,1,0
BRF:7
BRH:4
end_of_record
TN:
SF:/Users/dariaborisyak/dev/DataStructures/src/Queue/index.js
FN:2,(anonymous_0)
FN:6,(anonymous_1)
FN:10,(anonymous_2)
FN:14,(anonymous_3)
FN:18,(anonymous_4)
FN:22,(anonymous_5)
FNF:6
FNH:6
FNDA:4,(anonymous_0)
FNDA:1,(anonymous_1)
FNDA:1,(anonymous_2)
FNDA:3,(anonymous_3)
FNDA:2,(anonymous_4)
FNDA:2,(anonymous_5)
DA:3,4
DA:7,1
DA:11,1
DA:15,3
DA:19,2
DA:23,2
LF:6
LH:6
BRDA:2,0,0,1
BRF:1
BRH:1
end_of_record
TN:
SF:/Users/dariaborisyak/dev/DataStructures/src/Set/index.js
FN:2,(anonymous_0)
FN:6,(anonymous_1)
FN:10,(anonymous_2)
FN:14,(anonymous_3)
FN:23,(anonymous_4)
FN:34,(anonymous_5)
FN:38,(anonymous_6)
FN:43,(anonymous_7)
FN:44,(anonymous_8)
FN:49,(anonymous_9)
FN:53,(anonymous_10)
FN:62,(anonymous_11)
FN:66,(anonymous_12)
FN:75,(anonymous_13)
FN:78,(anonymous_14)
FNF:15
FNH:15
FNDA:8,(anonymous_0)
FNDA:41,(anonymous_1)
FNDA:10,(anonymous_2)
FNDA:16,(anonymous_3)
FNDA:1,(anonymous_4)
FNDA:2,(anonymous_5)
FNDA:1,(anonymous_6)
FNDA:5,(anonymous_7)
FNDA:4,(anonymous_8)
FNDA:1,(anonymous_9)
FNDA:5,(anonymous_10)
FNDA:1,(anonymous_11)
FNDA:5,(anonymous_12)
FNDA:2,(anonymous_13)
FNDA:6,(anonymous_14)
DA:3,8
DA:7,41
DA:11,10
DA:15,16
DA:16,14
DA:17,14
DA:20,2
DA:24,1
DA:25,1
DA:26,1
DA:28,1
DA:31,0
DA:35,2
DA:39,1
DA:40,1
DA:41,1
DA:43,5
DA:44,4
DA:46,1
DA:50,1
DA:51,1
DA:53,1
DA:54,5
DA:55,1
DA:59,1
DA:63,1
DA:64,1
DA:66,1
DA:67,5
DA:68,4
DA:72,1
DA:76,2
DA:78,6
LF:33
LH:32
BRDA:2,0,0,3
BRDA:15,1,0,14
BRDA:15,1,1,2
BRDA:24,2,0,1
BRDA:24,2,1,0
BRDA:54,3,0,1
BRDA:54,3,1,4
BRDA:67,4,0,4
BRDA:67,4,1,1
BRF:9
BRH:8
end_of_record
TN:
SF:/Users/dariaborisyak/dev/DataStructures/src/Stack/index.js
FN:2,(anonymous_0)
FN:7,(anonymous_1)
FN:12,(anonymous_2)
FN:23,(anonymous_3)
FN:27,(anonymous_4)
FNF:5
FNH:5
FNDA:2,(anonymous_0)
FNDA:2,(anonymous_1)
FNDA:2,(anonymous_2)
FNDA:5,(anonymous_3)
FNDA:3,(anonymous_4)
DA:3,2
DA:4,2
DA:8,2
DA:9,2
DA:13,2
DA:14,1
DA:17,1
DA:18,1
DA:19,1
DA:20,1
DA:24,5
DA:28,3
LF:12
LH:12
BRDA:2,0,0,2
BRDA:2,1,0,2
BRDA:13,2,0,1
BRDA:13,2,1,1
BRF:4
BRH:4
end_of_record
